<?xml version="1.0" encoding="UTF-8"?>
<!-- Generated by org.testng.reporters.JUnitXMLReporter -->
<testsuite ignored="19" hostname="DESKTOP-57E78MC" failures="1" tests="1" name="Default test" time="0.109" errors="0" timestamp="2024-01-22T12:46:03 IST">
  <testcase classname="com.testcases.TestCase" name="verifyWishListAddProductUsingPageObjectModel" time="0.043">
    <failure type="java.lang.IllegalArgumentException" message="Driver must be set">
      <![CDATA[java.lang.IllegalArgumentException: Driver must be set
at org.openqa.selenium.internal.Require.nonNull(Require.java:60)
at org.openqa.selenium.interactions.Actions.<init>(Actions.java:59)
at com.Pages.WishList_Page.hoverOverMenu(WishList_Page.java:16)
at com.testcases.TestCase.verifyWishListAddProductUsingPageObjectModel(TestCase.java:129)
at java.base/jdk.internal.reflect.NativeMethodAccessorImpl.invoke0(Native Method)
at java.base/jdk.internal.reflect.NativeMethodAccessorImpl.invoke(NativeMethodAccessorImpl.java:77)
at java.base/jdk.internal.reflect.DelegatingMethodAccessorImpl.invoke(DelegatingMethodAccessorImpl.java:43)
at java.base/java.lang.reflect.Method.invoke(Method.java:568)
at org.testng.internal.invokers.MethodInvocationHelper.invokeMethod(MethodInvocationHelper.java:139)
at org.testng.internal.invokers.TestInvoker.invokeMethod(TestInvoker.java:677)
at org.testng.internal.invokers.TestInvoker.invokeTestMethod(TestInvoker.java:221)
at org.testng.internal.invokers.MethodRunner.runInSequence(MethodRunner.java:50)
at org.testng.internal.invokers.TestInvoker$MethodInvocationAgent.invoke(TestInvoker.java:969)
at org.testng.internal.invokers.TestInvoker.invokeTestMethods(TestInvoker.java:194)
at org.testng.internal.invokers.TestMethodWorker.invokeTestMethods(TestMethodWorker.java:148)
at org.testng.internal.invokers.TestMethodWorker.run(TestMethodWorker.java:128)
at java.base/java.util.ArrayList.forEach(ArrayList.java:1511)
at org.testng.TestRunner.privateRun(TestRunner.java:829)
at org.testng.TestRunner.run(TestRunner.java:602)
at org.testng.SuiteRunner.runTest(SuiteRunner.java:437)
at org.testng.SuiteRunner.runSequentially(SuiteRunner.java:431)
at org.testng.SuiteRunner.privateRun(SuiteRunner.java:391)
at org.testng.SuiteRunner.run(SuiteRunner.java:330)
at org.testng.SuiteRunnerWorker.runSuite(SuiteRunnerWorker.java:52)
at org.testng.SuiteRunnerWorker.run(SuiteRunnerWorker.java:95)
at org.testng.TestNG.runSuitesSequentially(TestNG.java:1256)
at org.testng.TestNG.runSuitesLocally(TestNG.java:1176)
at org.testng.TestNG.runSuites(TestNG.java:1099)
at org.testng.TestNG.run(TestNG.java:1067)
at org.testng.remote.AbstractRemoteTestNG.run(AbstractRemoteTestNG.java:115)
at org.testng.remote.RemoteTestNG.initAndRun(RemoteTestNG.java:251)
at org.testng.remote.RemoteTestNG.main(RemoteTestNG.java:77)
]]>
    </failure>
  </testcase> <!-- verifyWishListAddProductUsingPageObjectModel -->
  <testcase classname="com.testcases.TestCase" name="verifyMyntraLoginPage" time="0.0">
    <ignored/>
  </testcase> <!-- verifyMyntraLoginPage -->
  <testcase classname="com.testcases.TestCase" name="verifyLatestOffersOnMyntraUsingPageObjectModel" time="0.0">
    <ignored/>
  </testcase> <!-- verifyLatestOffersOnMyntraUsingPageObjectModel -->
  <testcase classname="com.testcases.TestCase" name="verifyBrowserCompatibility" time="0.0">
    <ignored/>
  </testcase> <!-- verifyBrowserCompatibility -->
  <testcase classname="com.testcases.TestCase" name="verifyInstagramlinkOnMyntraUsingPageObjectModel" time="0.0">
    <ignored/>
  </testcase> <!-- verifyInstagramlinkOnMyntraUsingPageObjectModel -->
  <testcase classname="com.testcases.TestCase" name="verifyAddHeadphoneToCart" time="0.0">
    <ignored/>
  </testcase> <!-- verifyAddHeadphoneToCart -->
  <testcase classname="com.testcases.TestCase" name="verifyInstagramlinkOnMyntra" time="0.0">
    <ignored/>
  </testcase> <!-- verifyInstagramlinkOnMyntra -->
  <testcase classname="com.testcases.TestCase" name="verifyLatestOffersOnMyntra" time="0.0">
    <ignored/>
  </testcase> <!-- verifyLatestOffersOnMyntra -->
  <testcase classname="com.testcases.TestCase" name="verifyPriceFilter" time="0.0">
    <ignored/>
  </testcase> <!-- verifyPriceFilter -->
  <testcase classname="com.testcases.TestCase" name="verifyHnMProducts" time="0.0">
    <ignored/>
  </testcase> <!-- verifyHnMProducts -->
  <testcase classname="com.testcases.TestCase" name="verifyAddToCartHeadphone" time="0.0">
    <ignored/>
  </testcase> <!-- verifyAddToCartHeadphone -->
  <testcase classname="com.testcases.TestCase" name="verifyProductFilter" time="0.0">
    <ignored/>
  </testcase> <!-- verifyProductFilter -->
  <testcase classname="com.testcases.TestCase" name="verifyTagNavigation" time="0.0">
    <ignored/>
  </testcase> <!-- verifyTagNavigation -->
  <testcase classname="com.testcases.TestCase" name="verifyWishListAddProduct" time="0.0">
    <ignored/>
  </testcase> <!-- verifyWishListAddProduct -->
  <testcase classname="com.testcases.TestCase" name="verifySearchHnMUsingPageObjectModel" time="0.0">
    <ignored/>
  </testcase> <!-- verifySearchHnMUsingPageObjectModel -->
  <testcase classname="com.testcases.TestCase" name="verifyManagoBrandProductsUsingPage" time="0.0">
    <ignored/>
  </testcase> <!-- verifyManagoBrandProductsUsingPage -->
  <testcase classname="com.testcases.TestCase" name="verifyBrsrCompatibility" time="0.0">
    <ignored/>
  </testcase> <!-- verifyBrsrCompatibility -->
  <testcase classname="com.testcases.TestCase" name="verifyNavigation" time="0.0">
    <ignored/>
  </testcase> <!-- verifyNavigation -->
  <testcase classname="com.testcases.TestCase" name="verifyManagoBrandProducts" time="0.0">
    <ignored/>
  </testcase> <!-- verifyManagoBrandProducts -->
  <testcase classname="com.testcases.TestCase" name="verifyMyntraLoginPageUsingPage" time="0.0">
    <ignored/>
  </testcase> <!-- verifyMyntraLoginPageUsingPage -->
</testsuite> <!-- Default test -->
