<?xml version="1.0" encoding="UTF-8"?>
<testng-results ignored="9" total="10" passed="1" failed="0" skipped="0">
  <reporter-output>
  </reporter-output>
  <suite started-at="2024-01-13T12:30:57 IST" name="Default suite" finished-at="2024-01-13T12:31:10 IST" duration-ms="12818">
    <groups>
    </groups>
    <test started-at="2024-01-13T12:30:57 IST" name="Default test" finished-at="2024-01-13T12:31:10 IST" duration-ms="12818">
      <class name="com.testcases.TestCase">
        <test-method is-config="true" signature="setUp()[pri:0, instance:com.testcases.TestCase@41a0aa7d]" started-at="2024-01-13T12:30:57 IST" name="setUp" finished-at="2024-01-13T12:31:00 IST" duration-ms="3043" status="PASS">
          <reporter-output>
          </reporter-output>
        </test-method> <!-- setUp -->
        <test-method signature="verifyTagNavigation()[pri:0, instance:com.testcases.TestCase@41a0aa7d]" started-at="2024-01-13T12:31:00 IST" name="verifyTagNavigation" finished-at="2024-01-13T12:31:10 IST" duration-ms="9379" status="PASS">
          <reporter-output>
          </reporter-output>
        </test-method> <!-- verifyTagNavigation -->
        <test-method is-config="true" signature="tearDown()[pri:0, instance:com.testcases.TestCase@41a0aa7d]" started-at="2024-01-13T12:31:10 IST" name="tearDown" finished-at="2024-01-13T12:31:10 IST" duration-ms="323" status="PASS">
          <reporter-output>
          </reporter-output>
        </test-method> <!-- tearDown -->
      </class> <!-- com.testcases.TestCase -->
    </test> <!-- Default test -->
  </suite> <!-- Default suite -->
</testng-results>
