<?xml version="1.0" encoding="UTF-8"?>
<testng-results ignored="19" total="20" passed="1" failed="0" skipped="0">
  <reporter-output>
  </reporter-output>
  <suite started-at="2024-01-18T12:27:09 IST" name="Default suite" finished-at="2024-01-18T12:27:19 IST" duration-ms="10479">
    <groups>
    </groups>
    <test started-at="2024-01-18T12:27:09 IST" name="Default test" finished-at="2024-01-18T12:27:19 IST" duration-ms="10479">
      <class name="com.testcases.TestCase">
        <test-method is-config="true" signature="setUp()[pri:0, instance:com.testcases.TestCase@71ba6d4e]" started-at="2024-01-18T12:27:09 IST" name="setUp" finished-at="2024-01-18T12:27:13 IST" duration-ms="4366" status="PASS">
          <reporter-output>
          </reporter-output>
        </test-method> <!-- setUp -->
        <test-method signature="verifyLatestOffersOnMyntraUsingPageObjectModel()[pri:0, instance:com.testcases.TestCase@71ba6d4e]" started-at="2024-01-18T12:27:13 IST" name="verifyLatestOffersOnMyntraUsingPageObjectModel" finished-at="2024-01-18T12:27:19 IST" duration-ms="5686" status="PASS">
          <reporter-output>
          </reporter-output>
        </test-method> <!-- verifyLatestOffersOnMyntraUsingPageObjectModel -->
        <test-method is-config="true" signature="tearDown()[pri:0, instance:com.testcases.TestCase@71ba6d4e]" started-at="2024-01-18T12:27:19 IST" name="tearDown" finished-at="2024-01-18T12:27:19 IST" duration-ms="331" status="PASS">
          <reporter-output>
          </reporter-output>
        </test-method> <!-- tearDown -->
      </class> <!-- com.testcases.TestCase -->
    </test> <!-- Default test -->
  </suite> <!-- Default suite -->
</testng-results>
