<?xml version="1.0" encoding="UTF-8"?>
<testng-results ignored="19" total="20" passed="1" failed="0" skipped="0">
  <reporter-output>
  </reporter-output>
  <suite started-at="2024-01-20T23:19:11 IST" name="Default suite" finished-at="2024-01-20T23:19:21 IST" duration-ms="9571">
    <groups>
    </groups>
    <test started-at="2024-01-20T23:19:11 IST" name="Default test" finished-at="2024-01-20T23:19:21 IST" duration-ms="9571">
      <class name="com.testcases.TestCase">
        <test-method is-config="true" signature="setUp()[pri:0, instance:com.testcases.TestCase@449a4f23]" started-at="2024-01-20T23:19:12 IST" name="setUp" finished-at="2024-01-20T23:19:17 IST" duration-ms="5426" status="PASS">
          <reporter-output>
          </reporter-output>
        </test-method> <!-- setUp -->
        <test-method signature="verifyInstagramlinkOnMyntraUsingPageObjectModel()[pri:0, instance:com.testcases.TestCase@449a4f23]" started-at="2024-01-20T23:19:17 IST" name="verifyInstagramlinkOnMyntraUsingPageObjectModel" finished-at="2024-01-20T23:19:20 IST" duration-ms="3393" status="PASS">
          <reporter-output>
          </reporter-output>
        </test-method> <!-- verifyInstagramlinkOnMyntraUsingPageObjectModel -->
        <test-method is-config="true" signature="tearDown()[pri:0, instance:com.testcases.TestCase@449a4f23]" started-at="2024-01-20T23:19:20 IST" name="tearDown" finished-at="2024-01-20T23:19:21 IST" duration-ms="427" status="PASS">
          <reporter-output>
          </reporter-output>
        </test-method> <!-- tearDown -->
      </class> <!-- com.testcases.TestCase -->
    </test> <!-- Default test -->
  </suite> <!-- Default suite -->
</testng-results>
