<?xml version="1.0" encoding="UTF-8"?>
<testng-results ignored="15" total="16" passed="1" failed="0" skipped="0">
  <reporter-output>
  </reporter-output>
  <suite started-at="2024-01-16T15:32:59 IST" name="Default suite" finished-at="2024-01-16T15:33:08 IST" duration-ms="8178">
    <groups>
    </groups>
    <test started-at="2024-01-16T15:32:59 IST" name="Default test" finished-at="2024-01-16T15:33:08 IST" duration-ms="8178">
      <class name="com.testcases.TestCase">
        <test-method is-config="true" signature="setUp()[pri:0, instance:com.testcases.TestCase@6574a52c]" started-at="2024-01-16T15:33:00 IST" name="setUp" finished-at="2024-01-16T15:33:05 IST" duration-ms="5229" status="PASS">
          <reporter-output>
          </reporter-output>
        </test-method> <!-- setUp -->
        <test-method signature="verifyBrsrCompatibility()[pri:0, instance:com.testcases.TestCase@6574a52c]" started-at="2024-01-16T15:33:05 IST" name="verifyBrsrCompatibility" finished-at="2024-01-16T15:33:07 IST" duration-ms="2561" status="PASS">
          <reporter-output>
          </reporter-output>
        </test-method> <!-- verifyBrsrCompatibility -->
        <test-method is-config="true" signature="tearDown()[pri:0, instance:com.testcases.TestCase@6574a52c]" started-at="2024-01-16T15:33:07 IST" name="tearDown" finished-at="2024-01-16T15:33:08 IST" duration-ms="317" status="PASS">
          <reporter-output>
          </reporter-output>
        </test-method> <!-- tearDown -->
      </class> <!-- com.testcases.TestCase -->
    </test> <!-- Default test -->
  </suite> <!-- Default suite -->
</testng-results>
