<?xml version="1.0" encoding="UTF-8"?>
<testng-results ignored="1" total="2" passed="1" failed="0" skipped="0">
  <reporter-output>
  </reporter-output>
  <suite started-at="2024-01-03T11:41:56 IST" name="Default suite" finished-at="2024-01-03T11:42:07 IST" duration-ms="11386">
    <groups>
    </groups>
    <test started-at="2024-01-03T11:41:56 IST" name="Default test" finished-at="2024-01-03T11:42:07 IST" duration-ms="11386">
      <class name="com.testcases.TestCase">
        <test-method is-config="true" signature="setUp()[pri:0, instance:com.testcases.TestCase@38cee291]" started-at="2024-01-03T11:41:56 IST" name="setUp" finished-at="2024-01-03T11:42:03 IST" duration-ms="7285" status="PASS">
          <reporter-output>
          </reporter-output>
        </test-method> <!-- setUp -->
        <test-method signature="verifyManagoBrandProductsUsingPage()[pri:0, instance:com.testcases.TestCase@38cee291]" started-at="2024-01-03T11:42:03 IST" name="verifyManagoBrandProductsUsingPage" finished-at="2024-01-03T11:42:07 IST" duration-ms="3511" status="PASS">
          <reporter-output>
          </reporter-output>
        </test-method> <!-- verifyManagoBrandProductsUsingPage -->
        <test-method is-config="true" signature="tearDown()[pri:0, instance:com.testcases.TestCase@38cee291]" started-at="2024-01-03T11:42:07 IST" name="tearDown" finished-at="2024-01-03T11:42:07 IST" duration-ms="506" status="PASS">
          <reporter-output>
          </reporter-output>
        </test-method> <!-- tearDown -->
      </class> <!-- com.testcases.TestCase -->
    </test> <!-- Default test -->
  </suite> <!-- Default suite -->
</testng-results>
